[18:11:56] [ServerMain/INFO]: [bootstrap] Running Java 21 (OpenJDK 64-Bit Server VM 21.0.5+11-Ubuntu-1ubuntu120.04; Ubuntu null) on Linux 6.5.0-1025-azure (amd64)
[18:11:56] [ServerMain/INFO]: [bootstrap] Loading Paper 1.21.3-63-master@4190ee7 (2024-11-25T18:59:19Z) for Minecraft 1.21.3
[18:11:56] [ServerMain/INFO]: [PluginInitializerManager] Initializing plugins...
[18:11:57] [ServerMain/INFO]: [PluginInitializerManager] Initialized 0 plugins
[18:11:58] [Paper Plugin Remapper Thread - 0/INFO]: [ReobfServer] Remapping server...
[18:12:03] [ServerMain/INFO]: Environment: Environment[sessionHost=https://sessionserver.mojang.com, servicesHost=https://api.minecraftservices.com, name=PROD]
[18:12:03] [ServerMain/INFO]: Found new data pack file/bukkit, loading it automatically
[18:12:03] [ServerMain/INFO]: Found new data pack paper, loading it automatically
[18:12:04] [ServerMain/INFO]: No existing world data, creating new world
[18:12:05] [ServerMain/INFO]: Loaded 1337 recipes
[18:12:05] [ServerMain/INFO]: Loaded 1448 advancements
[18:12:06] [Server thread/INFO]: Starting minecraft server version 1.21.3
[18:12:06] [Server thread/INFO]: Loading properties
[18:12:06] [Paper Plugin Remapper Thread - 0/INFO]: [ReobfServer] Done remapping server in 8075ms.
[18:12:06] [Server thread/INFO]: This server is running Paper version 1.21.3-63-master@4190ee7 (2024-11-25T18:59:19Z) (Implementing API version 1.21.3-R0.1-SNAPSHOT)
[18:12:06] [Server thread/INFO]: [spark] This server bundles the spark profiler. For more information please visit https://docs.papermc.io/paper/profiling
[18:12:07] [Server thread/INFO]: Server Ping Player Sample Count: 12
[18:12:07] [Server thread/INFO]: Using 4 threads for Netty based IO
[18:12:07] [Server thread/INFO]: [MoonriseCommon] Paper is using 1 worker threads, 1 I/O threads
[18:12:07] [Server thread/INFO]: [ChunkTaskScheduler] Chunk system is using population gen parallelism: true
[18:12:07] [Server thread/INFO]: Default game type: SURVIVAL
[18:12:07] [Server thread/INFO]: Generating keypair
[18:12:07] [Server thread/INFO]: Starting Minecraft server on *:25565
[18:12:08] [Server thread/INFO]: Using epoll channel type
[18:12:08] [Server thread/INFO]: Paper: Using libdeflate (Linux x86_64) compression from Velocity.
[18:12:08] [Server thread/INFO]: Paper: Using OpenSSL 1.1.x (Linux x86_64) cipher from Velocity.
[18:12:08] [Server thread/WARN]: **** SERVER IS RUNNING IN OFFLINE/INSECURE MODE!
[18:12:08] [Server thread/WARN]: The server will make no attempt to authenticate usernames. Beware.
[18:12:08] [Server thread/WARN]: While this makes the game possible to play without internet access, it also opens up the ability for hackers to connect with any username they choose.
[18:12:08] [Server thread/WARN]: To change this, set "online-mode" to "true" in the server.properties file.
[18:12:08] [Server thread/INFO]: Preparing level "world"
[18:12:13] [Paper Common Worker #0/INFO]: [MCTypeRegistry] Initialising converters for DataConverter...
[18:12:13] [Paper Common Worker #0/INFO]: [MCTypeRegistry] Finished initialising converters for DataConverter in 254.5ms
[18:12:18] [Server thread/INFO]: Preparing start region for dimension minecraft:overworld
[18:12:18] [Server thread/INFO]: Preparing spawn area: 2%
[18:12:18] [Server thread/INFO]: Preparing spawn area: 2%
[18:12:19] [Server thread/INFO]: Preparing spawn area: 2%
[18:12:19] [Server thread/INFO]: Preparing spawn area: 8%
[18:12:20] [Server thread/INFO]: Preparing spawn area: 18%
[18:12:20] [Server thread/INFO]: Preparing spawn area: 18%
[18:12:21] [Server thread/INFO]: Preparing spawn area: 36%
[18:12:21] [Server thread/INFO]: Preparing spawn area: 51%
[18:12:22] [Server thread/INFO]: Preparing spawn area: 61%
[18:12:22] [Server thread/INFO]: Preparing spawn area: 73%
[18:12:23] [Server thread/INFO]: Time elapsed: 4882 ms
[18:12:23] [Server thread/INFO]: Preparing start region for dimension minecraft:the_nether
[18:12:23] [Server thread/INFO]: Preparing spawn area: 2%
[18:12:23] [Server thread/INFO]: Preparing spawn area: 2%
[18:12:24] [Server thread/INFO]: Preparing spawn area: 18%
[18:12:24] [Server thread/INFO]: Preparing spawn area: 51%
[18:12:24] [Server thread/INFO]: Time elapsed: 1913 ms
[18:12:24] [Server thread/INFO]: Preparing start region for dimension minecraft:the_end
[18:12:24] [Server thread/INFO]: Preparing spawn area: 2%
[18:12:25] [Server thread/INFO]: Time elapsed: 500 ms
[18:12:25] [Server thread/INFO]: [spark] Starting background profiler...
[18:12:25] [Server thread/INFO]: Done preparing level "world" (17.580s)
[18:12:25] [Server thread/INFO]: Running delayed init tasks
[18:12:25] [Server thread/INFO]: Done (29.829s)! For help, type "help"
[18:12:25] [Server thread/INFO]: *************************************************************************************
[18:12:25] [Server thread/INFO]: This is the first time you're starting this server.
[18:12:25] [Server thread/INFO]: It's recommended you read our 'Getting Started' documentation for guidance.
[18:12:25] [Server thread/INFO]: View this and more helpful information here: https://docs.papermc.io/paper/next-steps
[18:12:25] [Server thread/INFO]: *************************************************************************************
[18:16:35] [Server thread/INFO]: Stopping server
[18:16:35] [Server thread/INFO]: Saving players
[18:16:35] [Server thread/INFO]: Saving worlds
[18:16:35] [Server thread/INFO]: Saving chunks for level 'ServerLevel[world]'/minecraft:overworld
[18:16:35] [Server thread/INFO]: [ChunkHolderManager] Waiting 60s for chunk system to halt for world 'world'
[18:16:35] [Server thread/INFO]: [ChunkHolderManager] Halted chunk system for world 'world'
[18:16:35] [Server thread/INFO]: [ChunkHolderManager] Saving all chunkholders for world 'world'
[18:16:36] [Server thread/INFO]: [ChunkHolderManager] Saved 841 block chunks, 49 entity chunks, 3 poi chunks in world 'world' in 1.17s
[18:16:36] [Server thread/INFO]: [ChunkHolderManager] Waiting 60s for chunk I/O to halt for world 'world'
[18:16:36] [Server thread/INFO]: [ChunkHolderManager] Halted I/O scheduler for world 'world'
[18:16:36] [Server thread/INFO]: Saving chunks for level 'ServerLevel[world_nether]'/minecraft:the_nether
[18:16:36] [Server thread/INFO]: [ChunkHolderManager] Waiting 60s for chunk system to halt for world 'world_nether'
[18:16:36] [Server thread/INFO]: [ChunkHolderManager] Halted chunk system for world 'world_nether'
[18:16:36] [Server thread/INFO]: [ChunkHolderManager] Saving all chunkholders for world 'world_nether'
[18:16:36] [Server thread/INFO]: [ChunkHolderManager] Saved 841 block chunks, 49 entity chunks, 0 poi chunks in world 'world_nether' in 0.42s
[18:16:36] [Server thread/INFO]: [ChunkHolderManager] Waiting 60s for chunk I/O to halt for world 'world_nether'
[18:16:36] [Server thread/INFO]: [ChunkHolderManager] Halted I/O scheduler for world 'world_nether'
[18:16:36] [Server thread/INFO]: Saving chunks for level 'ServerLevel[world_the_end]'/minecraft:the_end
[18:16:36] [Server thread/INFO]: [ChunkHolderManager] Waiting 60s for chunk system to halt for world 'world_the_end'
[18:16:36] [Server thread/INFO]: [ChunkHolderManager] Halted chunk system for world 'world_the_end'
[18:16:36] [Server thread/INFO]: [ChunkHolderManager] Saving all chunkholders for world 'world_the_end'
[18:16:37] [Server thread/INFO]: [ChunkHolderManager] Saved 841 block chunks, 49 entity chunks, 0 poi chunks in world 'world_the_end' in 0.29s
[18:16:37] [Server thread/INFO]: [ChunkHolderManager] Waiting 60s for chunk I/O to halt for world 'world_the_end'
[18:16:37] [Server thread/INFO]: [ChunkHolderManager] Halted I/O scheduler for world 'world_the_end'
[18:16:37] [Server thread/INFO]: ThreadedAnvilChunkStorage (world): All chunks are saved
[18:16:37] [Server thread/INFO]: ThreadedAnvilChunkStorage (DIM-1): All chunks are saved
[18:16:37] [Server thread/INFO]: ThreadedAnvilChunkStorage (DIM1): All chunks are saved
[18:16:37] [Server thread/INFO]: ThreadedAnvilChunkStorage: All dimensions are saved
[18:16:37] [Server thread/INFO]: Waiting for I/O tasks to complete...
[18:16:37] [Server thread/INFO]: All I/O tasks to complete
[18:16:37] [Server thread/INFO]: [MoonriseCommon] Awaiting termination of worker pool for up to 60s...
[18:16:37] [Server thread/INFO]: [MoonriseCommon] Awaiting termination of I/O pool for up to 60s...
